<?xml version="1.0" encoding="UTF-8"?>
<!-- Generated by org.testng.reporters.JUnitReportReporter -->
<testsuite hostname="DellRajesh" failures="0" tests="1" name="RajeshNare.PracticeMaven.Demo01" time="0.025" errors="0" timestamp="2022-01-21T21:18:30 IST" skipped="0">
  <testcase classname="RajeshNare.PracticeMaven.Demo01" name="product" time="0.025"/>
  <system-out/>
</testsuite> <!-- RajeshNare.PracticeMaven.Demo01 -->
