<?xml version="1.0" encoding="UTF-8"?>
<!-- Generated by org.testng.reporters.JUnitReportReporter -->
<testsuite skipped="0" hostname="DellRajesh" name="RajeshNare.PracticeMaven.Demo01" tests="1" failures="0" timestamp="2022-01-21T21:19:16 IST" time="0.009" errors="0">
  <testcase name="product" time="0.009" classname="RajeshNare.PracticeMaven.Demo01"/>
  <system-out/>
</testsuite> <!-- RajeshNare.PracticeMaven.Demo01 -->
